2025-02-25T15:01:20.025+05:30  INFO 20508 --- [EmployeePayrollApp] [restartedMain] c.b.E.EmployeePayrollAppApplication      : Starting EmployeePayrollAppApplication using Java 22 with PID 20508 (C:\Capgemini_Employee-Payroll-App\EmployeePayrollApp\target\classes started by ayush tenguriya in C:\Capgemini_Employee-Payroll-App\EmployeePayrollApp)
2025-02-25T15:01:20.030+05:30 DEBUG 20508 --- [EmployeePayrollApp] [restartedMain] c.b.E.EmployeePayrollAppApplication      : Running with Spring Boot v3.4.3, Spring v6.2.3
2025-02-25T15:01:20.031+05:30  INFO 20508 --- [EmployeePayrollApp] [restartedMain] c.b.E.EmployeePayrollAppApplication      : No active profile set, falling back to 1 default profile: "default"
2025-02-25T15:01:24.432+05:30  WARN 20508 --- [EmployeePayrollApp] [restartedMain] JpaBaseConfiguration$JpaWebConfiguration : spring.jpa.open-in-view is enabled by default. Therefore, database queries may be performed during view rendering. Explicitly configure spring.jpa.open-in-view to disable this warning
2025-02-25T15:01:24.804+05:30  WARN 20508 --- [EmployeePayrollApp] [restartedMain] ion$DefaultTemplateResolverConfiguration : Cannot find template location: classpath:/templates/ (please add some templates, check your Thymeleaf configuration, or set spring.thymeleaf.check-template-location=false)
2025-02-25T15:01:25.040+05:30  INFO 20508 --- [EmployeePayrollApp] [restartedMain] c.b.E.EmployeePayrollAppApplication      : Started EmployeePayrollAppApplication in 5.762 seconds (process running for 6.526)
2025-02-25T15:01:25.048+05:30  INFO 20508 --- [EmployeePayrollApp] [restartedMain] c.b.E.EmployeePayrollAppApplication      : Employee Payroll App Started
2025-02-25T15:01:45.826+05:30  INFO 25232 --- [EmployeePayrollApp] [restartedMain] c.b.E.EmployeePayrollAppApplication      : Starting EmployeePayrollAppApplication using Java 22 with PID 25232 (C:\Capgemini_Employee-Payroll-App\EmployeePayrollApp\target\classes started by ayush tenguriya in C:\Capgemini_Employee-Payroll-App\EmployeePayrollApp)
2025-02-25T15:01:45.829+05:30 DEBUG 25232 --- [EmployeePayrollApp] [restartedMain] c.b.E.EmployeePayrollAppApplication      : Running with Spring Boot v3.4.3, Spring v6.2.3
2025-02-25T15:01:45.831+05:30  INFO 25232 --- [EmployeePayrollApp] [restartedMain] c.b.E.EmployeePayrollAppApplication      : No active profile set, falling back to 1 default profile: "default"
2025-02-25T15:01:49.382+05:30  WARN 25232 --- [EmployeePayrollApp] [restartedMain] JpaBaseConfiguration$JpaWebConfiguration : spring.jpa.open-in-view is enabled by default. Therefore, database queries may be performed during view rendering. Explicitly configure spring.jpa.open-in-view to disable this warning
2025-02-25T15:01:49.689+05:30  WARN 25232 --- [EmployeePayrollApp] [restartedMain] ion$DefaultTemplateResolverConfiguration : Cannot find template location: classpath:/templates/ (please add some templates, check your Thymeleaf configuration, or set spring.thymeleaf.check-template-location=false)
2025-02-25T15:01:49.884+05:30  INFO 25232 --- [EmployeePayrollApp] [restartedMain] c.b.E.EmployeePayrollAppApplication      : Started EmployeePayrollAppApplication in 4.681 seconds (process running for 5.229)
2025-02-25T15:01:49.887+05:30  INFO 25232 --- [EmployeePayrollApp] [restartedMain] c.b.E.EmployeePayrollAppApplication      : Employee Payroll App Started
2025-02-25T16:12:23.308+05:30  INFO 23140 --- [EmployeePayrollApp] [restartedMain] c.b.E.EmployeePayrollAppApplication      : Starting EmployeePayrollAppApplication using Java 22 with PID 23140 (C:\Capgemini_Employee-Payroll-App\EmployeePayrollApp\target\classes started by ayush tenguriya in C:\Capgemini_Employee-Payroll-App\EmployeePayrollApp)
2025-02-25T16:12:23.312+05:30 DEBUG 23140 --- [EmployeePayrollApp] [restartedMain] c.b.E.EmployeePayrollAppApplication      : Running with Spring Boot v3.4.3, Spring v6.2.3
2025-02-25T16:12:23.313+05:30  INFO 23140 --- [EmployeePayrollApp] [restartedMain] c.b.E.EmployeePayrollAppApplication      : No active profile set, falling back to 1 default profile: "default"
2025-02-25T16:12:27.253+05:30  WARN 23140 --- [EmployeePayrollApp] [restartedMain] JpaBaseConfiguration$JpaWebConfiguration : spring.jpa.open-in-view is enabled by default. Therefore, database queries may be performed during view rendering. Explicitly configure spring.jpa.open-in-view to disable this warning
2025-02-25T16:12:27.583+05:30  WARN 23140 --- [EmployeePayrollApp] [restartedMain] ion$DefaultTemplateResolverConfiguration : Cannot find template location: classpath:/templates/ (please add some templates, check your Thymeleaf configuration, or set spring.thymeleaf.check-template-location=false)
2025-02-25T16:12:27.797+05:30  INFO 23140 --- [EmployeePayrollApp] [restartedMain] c.b.E.EmployeePayrollAppApplication      : Started EmployeePayrollAppApplication in 5.19 seconds (process running for 5.909)
2025-02-25T16:12:27.802+05:30  INFO 23140 --- [EmployeePayrollApp] [restartedMain] c.b.E.EmployeePayrollAppApplication      : Employee Payroll App Started
