2025-02-27T10:46:08.897+05:30  INFO 3356 --- [EmployeePayrollApp] [restartedMain] c.b.E.EmployeePayrollAppApplication      : Starting EmployeePayrollAppApplication using Java 22 with PID 3356 (C:\Capgemini_Employee-Payroll-App\EmployeePayrollApp\target\classes started by ayush tenguriya in C:\Capgemini_Employee-Payroll-App\EmployeePayrollApp)
2025-02-27T10:46:08.918+05:30 DEBUG 3356 --- [EmployeePayrollApp] [restartedMain] c.b.E.EmployeePayrollAppApplication      : Running with Spring Boot v3.4.3, Spring v6.2.3
2025-02-27T10:46:08.919+05:30  INFO 3356 --- [EmployeePayrollApp] [restartedMain] c.b.E.EmployeePayrollAppApplication      : The following 1 profile is active: "dev"
2025-02-27T10:46:14.092+05:30 ERROR 3356 --- [EmployeePayrollApp] [restartedMain] o.h.engine.jdbc.spi.SqlExceptionHelper   : Access denied for user 'payrolluser'@'%' to database 'payroll_service'
2025-02-27T10:46:14.620+05:30  WARN 3356 --- [EmployeePayrollApp] [restartedMain] JpaBaseConfiguration$JpaWebConfiguration : spring.jpa.open-in-view is enabled by default. Therefore, database queries may be performed during view rendering. Explicitly configure spring.jpa.open-in-view to disable this warning
2025-02-27T10:46:14.979+05:30  WARN 3356 --- [EmployeePayrollApp] [restartedMain] ion$DefaultTemplateResolverConfiguration : Cannot find template location: classpath:/templates/ (please add some templates, check your Thymeleaf configuration, or set spring.thymeleaf.check-template-location=false)
2025-02-27T10:46:15.334+05:30  INFO 3356 --- [EmployeePayrollApp] [restartedMain] c.b.E.EmployeePayrollAppApplication      : Started EmployeePayrollAppApplication in 7.218 seconds (process running for 8.116)
2025-02-27T10:46:15.338+05:30  INFO 3356 --- [EmployeePayrollApp] [restartedMain] c.b.E.EmployeePayrollAppApplication      : Employee Payroll App Started in DEV Environment
2025-02-27T10:46:15.339+05:30  INFO 3356 --- [EmployeePayrollApp] [restartedMain] c.b.E.EmployeePayrollAppApplication      : Employee Payroll DB User is payrolluser 
2025-02-27T10:47:54.754+05:30  INFO 16064 --- [EmployeePayrollApp] [restartedMain] c.b.E.EmployeePayrollAppApplication      : Starting EmployeePayrollAppApplication using Java 22 with PID 16064 (C:\Capgemini_Employee-Payroll-App\EmployeePayrollApp\target\classes started by ayush tenguriya in C:\Capgemini_Employee-Payroll-App\EmployeePayrollApp)
2025-02-27T10:47:54.757+05:30 DEBUG 16064 --- [EmployeePayrollApp] [restartedMain] c.b.E.EmployeePayrollAppApplication      : Running with Spring Boot v3.4.3, Spring v6.2.3
2025-02-27T10:47:54.758+05:30  INFO 16064 --- [EmployeePayrollApp] [restartedMain] c.b.E.EmployeePayrollAppApplication      : The following 1 profile is active: "dev"
2025-02-27T10:47:59.270+05:30 ERROR 16064 --- [EmployeePayrollApp] [restartedMain] o.h.engine.jdbc.spi.SqlExceptionHelper   : Access denied for user 'payrolluser'@'%' to database 'payroll_service'
2025-02-27T10:47:59.696+05:30  WARN 16064 --- [EmployeePayrollApp] [restartedMain] JpaBaseConfiguration$JpaWebConfiguration : spring.jpa.open-in-view is enabled by default. Therefore, database queries may be performed during view rendering. Explicitly configure spring.jpa.open-in-view to disable this warning
2025-02-27T10:48:00.086+05:30  WARN 16064 --- [EmployeePayrollApp] [restartedMain] ion$DefaultTemplateResolverConfiguration : Cannot find template location: classpath:/templates/ (please add some templates, check your Thymeleaf configuration, or set spring.thymeleaf.check-template-location=false)
2025-02-27T10:48:00.316+05:30  INFO 16064 --- [EmployeePayrollApp] [restartedMain] c.b.E.EmployeePayrollAppApplication      : Started EmployeePayrollAppApplication in 6.178 seconds (process running for 6.774)
2025-02-27T10:48:00.323+05:30  INFO 16064 --- [EmployeePayrollApp] [restartedMain] c.b.E.EmployeePayrollAppApplication      : Employee Payroll App Started in DEV Environment
2025-02-27T10:48:00.324+05:30  INFO 16064 --- [EmployeePayrollApp] [restartedMain] c.b.E.EmployeePayrollAppApplication      : Employee Payroll DB User is payrolluser 
2025-02-27T11:31:36.207+05:30  INFO 10364 --- [EmployeePayrollApp] [restartedMain] c.b.E.EmployeePayrollAppApplication      : Starting EmployeePayrollAppApplication using Java 22 with PID 10364 (C:\Capgemini_Employee-Payroll-App\EmployeePayrollApp\target\classes started by ayush tenguriya in C:\Capgemini_Employee-Payroll-App\EmployeePayrollApp)
2025-02-27T11:31:36.210+05:30 DEBUG 10364 --- [EmployeePayrollApp] [restartedMain] c.b.E.EmployeePayrollAppApplication      : Running with Spring Boot v3.4.3, Spring v6.2.3
2025-02-27T11:31:36.211+05:30  INFO 10364 --- [EmployeePayrollApp] [restartedMain] c.b.E.EmployeePayrollAppApplication      : The following 1 profile is active: "dev"
2025-02-27T11:31:40.230+05:30 ERROR 10364 --- [EmployeePayrollApp] [restartedMain] o.h.engine.jdbc.spi.SqlExceptionHelper   : Access denied for user 'payrolluser'@'%' to database 'payroll_service'
2025-02-27T11:31:40.648+05:30  WARN 10364 --- [EmployeePayrollApp] [restartedMain] JpaBaseConfiguration$JpaWebConfiguration : spring.jpa.open-in-view is enabled by default. Therefore, database queries may be performed during view rendering. Explicitly configure spring.jpa.open-in-view to disable this warning
2025-02-27T11:31:40.945+05:30  WARN 10364 --- [EmployeePayrollApp] [restartedMain] ion$DefaultTemplateResolverConfiguration : Cannot find template location: classpath:/templates/ (please add some templates, check your Thymeleaf configuration, or set spring.thymeleaf.check-template-location=false)
2025-02-27T11:31:41.139+05:30  INFO 10364 --- [EmployeePayrollApp] [restartedMain] c.b.E.EmployeePayrollAppApplication      : Started EmployeePayrollAppApplication in 5.589 seconds (process running for 6.153)
2025-02-27T11:31:41.142+05:30  INFO 10364 --- [EmployeePayrollApp] [restartedMain] c.b.E.EmployeePayrollAppApplication      : Employee Payroll App Started in DEV Environment
2025-02-27T11:31:41.143+05:30  INFO 10364 --- [EmployeePayrollApp] [restartedMain] c.b.E.EmployeePayrollAppApplication      : Employee Payroll DB User is payrolluser 
